2023-03-27 16:02:40,284 INFO o.a.j.u.JMeterUtils: Setting Locale to en_EN
2023-03-27 16:02:40,351 INFO o.a.j.JMeter: Loading user properties from: /Users/anmolsingh/bins/apache-jmeter-5.4.1/bin/user.properties
2023-03-27 16:02:40,352 INFO o.a.j.JMeter: Loading system properties from: /Users/anmolsingh/bins/apache-jmeter-5.4.1/bin/system.properties
2023-03-27 16:02:40,364 INFO o.a.j.JMeter: Copyright (c) 1998-2021 The Apache Software Foundation
2023-03-27 16:02:40,364 INFO o.a.j.JMeter: Version 5.4.1
2023-03-27 16:02:40,364 INFO o.a.j.JMeter: java.version=16.0.1
2023-03-27 16:02:40,364 INFO o.a.j.JMeter: java.vm.name=Java HotSpot(TM) 64-Bit Server VM
2023-03-27 16:02:40,364 INFO o.a.j.JMeter: os.name=Mac OS X
2023-03-27 16:02:40,364 INFO o.a.j.JMeter: os.arch=x86_64
2023-03-27 16:02:40,364 INFO o.a.j.JMeter: os.version=11.5
2023-03-27 16:02:40,364 INFO o.a.j.JMeter: file.encoding=UTF-8
2023-03-27 16:02:40,364 INFO o.a.j.JMeter: java.awt.headless=null
2023-03-27 16:02:40,365 INFO o.a.j.JMeter: Max memory     =1073741824
2023-03-27 16:02:40,365 INFO o.a.j.JMeter: Available Processors =8
2023-03-27 16:02:40,377 INFO o.a.j.JMeter: Default Locale=English (EN)
2023-03-27 16:02:40,377 INFO o.a.j.JMeter: JMeter  Locale=English (EN)
2023-03-27 16:02:40,378 INFO o.a.j.JMeter: JMeterHome=/Users/anmolsingh/bins/apache-jmeter-5.4.1
2023-03-27 16:02:40,378 INFO o.a.j.JMeter: user.dir  =/Users/anmolsingh/workspace/react-login-register-page
2023-03-27 16:02:40,378 INFO o.a.j.JMeter: PWD       =/Users/anmolsingh/workspace/react-login-register-page
2023-03-27 16:02:40,394 INFO o.a.j.JMeter: IP: 10.50.0.99 Name: anmolsmac.local FullName: 10.50.0.99
2023-03-27 16:02:41,492 INFO o.a.j.JMeter: Setting LAF to: laf:com.apple.laf.AquaLookAndFeel
2023-03-27 16:02:42,882 INFO o.a.j.JMeter: Loaded icon properties from org/apache/jmeter/images/icon.properties
